<?xml version="1.0" encoding="UTF-8"?>
<testsuite xmlns:xsi="http://www.w3.org/2001/XMLSchema-instance" xsi:noNamespaceSchemaLocation="https://maven.apache.org/surefire/maven-surefire-plugin/xsd/surefire-test-report.xsd" version="3.0.2" name="org.example.lab7.Lab7ApplicationTests" time="1.954" tests="1" errors="0" skipped="0" failures="0" flakes="0">
  <properties>
[...]
</properties>
  <testcase name="contextLoads" classname="org.example.lab7.Lab7ApplicationTests" time="0.406">
    <system-out><![CDATA[18:23:15.514 [main] INFO org.springframework.test.context.support.AnnotationConfigContextLoaderUtils -- Could not detect default configuration classes for test class [org.example.lab7.Lab7ApplicationTests]: Lab7ApplicationTests does not declare any static, non-private, non-final, nested classes annotated with @Configuration.
18:23:15.583 [main] INFO org.springframework.boot.test.context.SpringBootTestContextBootstrapper -- Found @SpringBootConfiguration org.example.lab7.Lab7Application for test class org.example.lab7.Lab7ApplicationTests
18:23:15.658 [main] INFO org.springframework.test.context.support.AnnotationConfigContextLoaderUtils -- Could not detect default configuration classes for test class [org.example.lab7.Lab7ApplicationTests]: Lab7ApplicationTests does not declare any static, non-private, non-final, nested classes annotated with @Configuration.
18:23:15.659 [main] INFO org.springframework.boot.test.context.SpringBootTestContextBootstrapper -- Found @SpringBootConfiguration org.example.lab7.Lab7Application for test class org.example.lab7.Lab7ApplicationTests

  .   ____          _            __ _ _
 /\\ / ___'_ __ _ _(_)_ __  __ _ \ \ \ \
( ( )\___ | '_ | '_| | '_ \/ _` | \ \ \ \
 \\/  ___)| |_)| | | | | || (_| |  ) ) ) )
  '  |____| .__|_| |_|_| |_\__, | / / / /
 =========|_|==============|___/=/_/_/_/

 :: Spring Boot ::                (v4.0.6)

2026-04-30T18:23:15.885+03:00  INFO 19896 --- [Lab7] [           main] org.example.lab7.Lab7ApplicationTests    : Starting Lab7ApplicationTests using Java 17.0.8 with PID 19896 (started by swwds in C:\Users\swwds\IdeaProjects\Lab7)
2026-04-30T18:23:15.888+03:00  INFO 19896 --- [Lab7] [           main] org.example.lab7.Lab7ApplicationTests    : No active profile set, falling back to 1 default profile: "default"
2026-04-30T18:23:16.909+03:00  INFO 19896 --- [Lab7] [           main] org.example.lab7.Lab7ApplicationTests    : Started Lab7ApplicationTests in 1.21 seconds (process running for 1.935)
]]></system-out>
  </testcase>
</testsuite>